This file contains any messages produced by compilers while
running configure, to aid debugging if configure makes a mistake.

It was created by Enca configure 1.16, which was
generated by GNU Autoconf 2.69.  Invocation command line was

  $ ./configure --prefix=/usr/local/ --enable-static --disable-shared

## --------- ##
## Platform. ##
## --------- ##

hostname = localhost.localdomain
uname -m = x86_64
uname -r = 2.6.32-220.23.1.tb1.el6.x86_64
uname -s = Linux
uname -v = #1 SMP Tue Sep 3 14:39:28 CST 2013

/usr/bin/uname -p = unknown
/bin/uname -X     = unknown

/bin/arch              = x86_64
/usr/bin/arch -k       = unknown
/usr/convex/getsysinfo = unknown
/usr/bin/hostinfo      = unknown
/bin/machine           = unknown
/usr/bin/oslevel       = unknown
/bin/universe          = unknown

PATH: /usr/local/git/bin
PATH: /usr/lib64/qt-3.3/bin
PATH: /usr/local/sbin
PATH: /usr/local/bin
PATH: /sbin
PATH: /bin
PATH: /usr/sbin
PATH: /usr/bin
PATH: /root/bin
PATH: /root/bin
PATH: /home/down/qt-everywhere-opensource-src-5.6.2/qtbase/bin


## ----------- ##
## Core tests. ##
## ----------- ##

configure:2403: checking for a BSD-compatible install
configure:2471: result: /usr/bin/install -c
configure:2482: checking whether build environment is sane
configure:2537: result: yes
configure:2688: checking for a thread-safe mkdir -p
configure:2727: result: /bin/mkdir -p
configure:2734: checking for gawk
configure:2750: found /bin/gawk
configure:2761: result: gawk
configure:2772: checking whether make sets $(MAKE)
configure:2794: result: yes
configure:2823: checking whether make supports nested variables
configure:2840: result: yes
configure:2970: checking whether to enable maintainer-specific portions of Makefiles
configure:2979: result: no
configure:2999: checking for gawk
configure:3026: result: gawk
configure:3085: checking for gcc
configure:3101: found /usr/bin/gcc
configure:3112: result: gcc
configure:3341: checking for C compiler version
configure:3350: gcc --version >&5
gcc (GCC) 4.4.6 20110731 (Red Hat 4.4.6-3)
Copyright (C) 2010 Free Software Foundation, Inc.
This is free software; see the source for copying conditions.  There is NO
warranty; not even for MERCHANTABILITY or FITNESS FOR A PARTICULAR PURPOSE.

configure:3361: $? = 0
configure:3350: gcc -v >&5
Using built-in specs.
Target: x86_64-redhat-linux
Configured with: ../configure --prefix=/usr --mandir=/usr/share/man --infodir=/usr/share/info --with-bugurl=http://bugzilla.redhat.com/bugzilla --enable-bootstrap --enable-shared --enable-threads=posix --enable-checking=release --with-system-zlib --enable-__cxa_atexit --disable-libunwind-exceptions --enable-gnu-unique-object --enable-languages=c,c++,objc,obj-c++,java,fortran,ada --enable-java-awt=gtk --disable-dssi --with-java-home=/usr/lib/jvm/java-1.5.0-gcj-1.5.0.0/jre --enable-libgcj-multifile --enable-java-maintainer-mode --with-ecj-jar=/usr/share/java/eclipse-ecj.jar --disable-libjava-multilib --with-ppl --with-cloog --with-tune=generic --with-arch_32=i686 --build=x86_64-redhat-linux
Thread model: posix
gcc version 4.4.6 20110731 (Red Hat 4.4.6-3) (GCC) 
configure:3361: $? = 0
configure:3350: gcc -V >&5
gcc: '-V' option must have argument
configure:3361: $? = 1
configure:3350: gcc -qversion >&5
gcc: unrecognized option '-qversion'
gcc: no input files
configure:3361: $? = 1
configure:3381: checking whether the C compiler works
configure:3403: gcc    conftest.c  >&5
configure:3407: $? = 0
configure:3455: result: yes
configure:3458: checking for C compiler default output file name
configure:3460: result: a.out
configure:3466: checking for suffix of executables
configure:3473: gcc -o conftest    conftest.c  >&5
configure:3477: $? = 0
configure:3499: result: 
configure:3521: checking whether we are cross compiling
configure:3529: gcc -o conftest    conftest.c  >&5
configure:3533: $? = 0
configure:3540: ./conftest
configure:3544: $? = 0
configure:3559: result: no
configure:3564: checking for suffix of object files
configure:3586: gcc -c   conftest.c >&5
configure:3590: $? = 0
configure:3611: result: o
configure:3615: checking whether we are using the GNU C compiler
configure:3634: gcc -c   conftest.c >&5
configure:3634: $? = 0
configure:3643: result: yes
configure:3652: checking whether gcc accepts -g
configure:3672: gcc -c -g  conftest.c >&5
configure:3672: $? = 0
configure:3713: result: yes
configure:3730: checking for gcc option to accept ISO C89
configure:3793: gcc  -c -g -O2  conftest.c >&5
configure:3793: $? = 0
configure:3806: result: none needed
configure:3831: checking whether gcc understands -c and -o together
configure:3853: gcc -c conftest.c -o conftest2.o
configure:3856: $? = 0
configure:3853: gcc -c conftest.c -o conftest2.o
configure:3856: $? = 0
configure:3868: result: yes
configure:3896: checking for style of include used by make
configure:3924: result: GNU
configure:3950: checking dependency style of gcc
configure:4061: result: gcc3
configure:4082: checking how to run the C preprocessor
configure:4113: gcc -E  conftest.c
configure:4113: $? = 0
configure:4127: gcc -E  conftest.c
conftest.c:11:28: error: ac_nonexistent.h: No such file or directory
configure:4127: $? = 1
configure: failed program was:
| /* confdefs.h */
| #define PACKAGE_NAME "Enca"
| #define PACKAGE_TARNAME "enca"
| #define PACKAGE_VERSION "1.16"
| #define PACKAGE_STRING "Enca 1.16"
| #define PACKAGE_BUGREPORT "https://github.com/nijel/enca/issues"
| #define PACKAGE_URL ""
| #define PACKAGE "enca"
| #define VERSION "1.16"
| /* end confdefs.h.  */
| #include <ac_nonexistent.h>
configure:4152: result: gcc -E
configure:4172: gcc -E  conftest.c
configure:4172: $? = 0
configure:4186: gcc -E  conftest.c
conftest.c:11:28: error: ac_nonexistent.h: No such file or directory
configure:4186: $? = 1
configure: failed program was:
| /* confdefs.h */
| #define PACKAGE_NAME "Enca"
| #define PACKAGE_TARNAME "enca"
| #define PACKAGE_VERSION "1.16"
| #define PACKAGE_STRING "Enca 1.16"
| #define PACKAGE_BUGREPORT "https://github.com/nijel/enca/issues"
| #define PACKAGE_URL ""
| #define PACKAGE "enca"
| #define VERSION "1.16"
| /* end confdefs.h.  */
| #include <ac_nonexistent.h>
configure:4215: checking for grep that handles long lines and -e
configure:4273: result: /bin/grep
configure:4278: checking for egrep
configure:4340: result: /bin/grep -E
configure:4345: checking for ANSI C header files
configure:4365: gcc -c -g -O2  conftest.c >&5
configure:4365: $? = 0
configure:4438: gcc -o conftest -g -O2   conftest.c  >&5
configure:4438: $? = 0
configure:4438: ./conftest
configure:4438: $? = 0
configure:4449: result: yes
configure:4462: checking for sys/types.h
configure:4462: gcc -c -g -O2  conftest.c >&5
configure:4462: $? = 0
configure:4462: result: yes
configure:4462: checking for sys/stat.h
configure:4462: gcc -c -g -O2  conftest.c >&5
configure:4462: $? = 0
configure:4462: result: yes
configure:4462: checking for stdlib.h
configure:4462: gcc -c -g -O2  conftest.c >&5
configure:4462: $? = 0
configure:4462: result: yes
configure:4462: checking for string.h
configure:4462: gcc -c -g -O2  conftest.c >&5
configure:4462: $? = 0
configure:4462: result: yes
configure:4462: checking for memory.h
configure:4462: gcc -c -g -O2  conftest.c >&5
configure:4462: $? = 0
configure:4462: result: yes
configure:4462: checking for strings.h
configure:4462: gcc -c -g -O2  conftest.c >&5
configure:4462: $? = 0
configure:4462: result: yes
configure:4462: checking for inttypes.h
configure:4462: gcc -c -g -O2  conftest.c >&5
configure:4462: $? = 0
configure:4462: result: yes
configure:4462: checking for stdint.h
configure:4462: gcc -c -g -O2  conftest.c >&5
configure:4462: $? = 0
configure:4462: result: yes
configure:4462: checking for unistd.h
configure:4462: gcc -c -g -O2  conftest.c >&5
configure:4462: $? = 0
configure:4462: result: yes
configure:4475: checking minix/config.h usability
configure:4475: gcc -c -g -O2  conftest.c >&5
conftest.c:54:26: error: minix/config.h: No such file or directory
configure:4475: $? = 1
configure: failed program was:
| /* confdefs.h */
| #define PACKAGE_NAME "Enca"
| #define PACKAGE_TARNAME "enca"
| #define PACKAGE_VERSION "1.16"
| #define PACKAGE_STRING "Enca 1.16"
| #define PACKAGE_BUGREPORT "https://github.com/nijel/enca/issues"
| #define PACKAGE_URL ""
| #define PACKAGE "enca"
| #define VERSION "1.16"
| #define STDC_HEADERS 1
| #define HAVE_SYS_TYPES_H 1
| #define HAVE_SYS_STAT_H 1
| #define HAVE_STDLIB_H 1
| #define HAVE_STRING_H 1
| #define HAVE_MEMORY_H 1
| #define HAVE_STRINGS_H 1
| #define HAVE_INTTYPES_H 1
| #define HAVE_STDINT_H 1
| #define HAVE_UNISTD_H 1
| /* end confdefs.h.  */
| #include <stdio.h>
| #ifdef HAVE_SYS_TYPES_H
| # include <sys/types.h>
| #endif
| #ifdef HAVE_SYS_STAT_H
| # include <sys/stat.h>
| #endif
| #ifdef STDC_HEADERS
| # include <stdlib.h>
| # include <stddef.h>
| #else
| # ifdef HAVE_STDLIB_H
| #  include <stdlib.h>
| # endif
| #endif
| #ifdef HAVE_STRING_H
| # if !defined STDC_HEADERS && defined HAVE_MEMORY_H
| #  include <memory.h>
| # endif
| # include <string.h>
| #endif
| #ifdef HAVE_STRINGS_H
| # include <strings.h>
| #endif
| #ifdef HAVE_INTTYPES_H
| # include <inttypes.h>
| #endif
| #ifdef HAVE_STDINT_H
| # include <stdint.h>
| #endif
| #ifdef HAVE_UNISTD_H
| # include <unistd.h>
| #endif
| #include <minix/config.h>
configure:4475: result: no
configure:4475: checking minix/config.h presence
configure:4475: gcc -E  conftest.c
conftest.c:21:26: error: minix/config.h: No such file or directory
configure:4475: $? = 1
configure: failed program was:
| /* confdefs.h */
| #define PACKAGE_NAME "Enca"
| #define PACKAGE_TARNAME "enca"
| #define PACKAGE_VERSION "1.16"
| #define PACKAGE_STRING "Enca 1.16"
| #define PACKAGE_BUGREPORT "https://github.com/nijel/enca/issues"
| #define PACKAGE_URL ""
| #define PACKAGE "enca"
| #define VERSION "1.16"
| #define STDC_HEADERS 1
| #define HAVE_SYS_TYPES_H 1
| #define HAVE_SYS_STAT_H 1
| #define HAVE_STDLIB_H 1
| #define HAVE_STRING_H 1
| #define HAVE_MEMORY_H 1
| #define HAVE_STRINGS_H 1
| #define HAVE_INTTYPES_H 1
| #define HAVE_STDINT_H 1
| #define HAVE_UNISTD_H 1
| /* end confdefs.h.  */
| #include <minix/config.h>
configure:4475: result: no
configure:4475: checking for minix/config.h
configure:4475: result: no
configure:4496: checking whether it is safe to define __EXTENSIONS__
configure:4514: gcc -c -g -O2  conftest.c >&5
configure:4514: $? = 0
configure:4521: result: yes
configure:4537: checking for library containing strerror
configure:4568: gcc -o conftest -g -O2   conftest.c  >&5
configure:4568: $? = 0
configure:4585: result: none required
configure:4622: checking build system type
configure:4636: result: x86_64-unknown-linux-gnu
configure:4656: checking host system type
configure:4669: result: x86_64-unknown-linux-gnu
configure:4710: checking how to print strings
configure:4737: result: printf
configure:4758: checking for a sed that does not truncate output
configure:4822: result: /bin/sed
configure:4840: checking for fgrep
configure:4902: result: /bin/grep -F
configure:4937: checking for ld used by gcc
configure:5004: result: /usr/bin/ld
configure:5011: checking if the linker (/usr/bin/ld) is GNU ld
configure:5026: result: yes
configure:5038: checking for BSD- or MS-compatible name lister (nm)
configure:5087: result: /usr/bin/nm -B
configure:5217: checking the name lister (/usr/bin/nm -B) interface
configure:5224: gcc -c -g -O2  conftest.c >&5
configure:5227: /usr/bin/nm -B "conftest.o"
configure:5230: output
0000000000000000 B some_variable
configure:5237: result: BSD nm
configure:5240: checking whether ln -s works
configure:5244: result: yes
configure:5252: checking the maximum length of command line arguments
configure:5383: result: 1966080
configure:5400: checking whether the shell understands some XSI constructs
configure:5410: result: yes
configure:5414: checking whether the shell understands "+="
configure:5420: result: yes
configure:5455: checking how to convert x86_64-unknown-linux-gnu file names to x86_64-unknown-linux-gnu format
configure:5495: result: func_convert_file_noop
configure:5502: checking how to convert x86_64-unknown-linux-gnu file names to toolchain format
configure:5522: result: func_convert_file_noop
configure:5529: checking for /usr/bin/ld option to reload object files
configure:5536: result: -r
configure:5610: checking for objdump
configure:5626: found /usr/bin/objdump
configure:5637: result: objdump
configure:5669: checking how to recognize dependent libraries
configure:5867: result: pass_all
configure:5952: checking for dlltool
configure:5982: result: no
configure:6012: checking how to associate runtime and link libraries
configure:6039: result: printf %s\n
configure:6099: checking for ar
configure:6115: found /usr/bin/ar
configure:6126: result: ar
configure:6163: checking for archiver @FILE support
configure:6180: gcc -c -g -O2  conftest.c >&5
configure:6180: $? = 0
configure:6183: ar cru libconftest.a @conftest.lst >&5
configure:6186: $? = 0
configure:6191: ar cru libconftest.a @conftest.lst >&5
ar: conftest.o: No such file or directory
configure:6194: $? = 1
configure:6206: result: @
configure:6264: checking for strip
configure:6280: found /usr/bin/strip
configure:6291: result: strip
configure:6363: checking for ranlib
configure:6379: found /usr/bin/ranlib
configure:6390: result: ranlib
configure:6492: checking command to parse /usr/bin/nm -B output from gcc object
configure:6612: gcc -c -g -O2  conftest.c >&5
configure:6615: $? = 0
configure:6619: /usr/bin/nm -B conftest.o \| sed -n -e 's/^.*[ ]\([ABCDGIRSTW][ABCDGIRSTW]*\)[ ][ ]*\([_A-Za-z][_A-Za-z0-9]*\)$/\1 \2 \2/p' | sed '/ __gnu_lto/d' \> conftest.nm
configure:6622: $? = 0
configure:6688: gcc -o conftest -g -O2   conftest.c conftstm.o >&5
configure:6691: $? = 0
configure:6729: result: ok
configure:6766: checking for sysroot
configure:6796: result: no
configure:6873: gcc -c -g -O2  conftest.c >&5
configure:6876: $? = 0
configure:7065: checking for mt
configure:7095: result: no
configure:7115: checking if : is a manifest tool
configure:7121: : '-?'
configure:7129: result: no
configure:7768: checking for dlfcn.h
configure:7768: gcc -c -g -O2  conftest.c >&5
configure:7768: $? = 0
configure:7768: result: yes
configure:7974: checking for objdir
configure:7989: result: .libs
configure:8260: checking if gcc supports -fno-rtti -fno-exceptions
configure:8278: gcc -c -g -O2  -fno-rtti -fno-exceptions conftest.c >&5
cc1: warning: command line option "-fno-rtti" is valid for C++/ObjC++ but not for C
configure:8282: $? = 0
configure:8295: result: no
configure:8622: checking for gcc option to produce PIC
configure:8629: result: -fPIC -DPIC
configure:8637: checking if gcc PIC flag -fPIC -DPIC works
configure:8655: gcc -c -g -O2  -fPIC -DPIC -DPIC conftest.c >&5
configure:8659: $? = 0
configure:8672: result: yes
configure:8701: checking if gcc static flag -static works
configure:8729: result: no
configure:8744: checking if gcc supports -c -o file.o
configure:8765: gcc -c -g -O2  -o out/conftest2.o conftest.c >&5
configure:8769: $? = 0
configure:8791: result: yes
configure:8799: checking if gcc supports -c -o file.o
configure:8846: result: yes
configure:8879: checking whether the gcc linker (/usr/bin/ld -m elf_x86_64) supports shared libraries
configure:10036: result: yes
configure:10276: checking dynamic linker characteristics
configure:10776: gcc -o conftest -g -O2   -Wl,-rpath -Wl,/foo conftest.c  >&5
configure:10776: $? = 0
configure:11010: result: GNU/Linux ld.so
configure:11117: checking how to hardcode library paths into programs
configure:11142: result: immediate
configure:11682: checking whether stripping libraries is possible
configure:11687: result: yes
configure:11722: checking if libtool supports shared libraries
configure:11724: result: yes
configure:11727: checking whether to build shared libraries
configure:11748: result: no
configure:11751: checking whether to build static libraries
configure:11755: result: yes
configure:11840: checking for gcc
configure:11867: result: gcc
configure:12096: checking for C compiler version
configure:12105: gcc --version >&5
gcc (GCC) 4.4.6 20110731 (Red Hat 4.4.6-3)
Copyright (C) 2010 Free Software Foundation, Inc.
This is free software; see the source for copying conditions.  There is NO
warranty; not even for MERCHANTABILITY or FITNESS FOR A PARTICULAR PURPOSE.

configure:12116: $? = 0
configure:12105: gcc -v >&5
Using built-in specs.
Target: x86_64-redhat-linux
Configured with: ../configure --prefix=/usr --mandir=/usr/share/man --infodir=/usr/share/info --with-bugurl=http://bugzilla.redhat.com/bugzilla --enable-bootstrap --enable-shared --enable-threads=posix --enable-checking=release --with-system-zlib --enable-__cxa_atexit --disable-libunwind-exceptions --enable-gnu-unique-object --enable-languages=c,c++,objc,obj-c++,java,fortran,ada --enable-java-awt=gtk --disable-dssi --with-java-home=/usr/lib/jvm/java-1.5.0-gcj-1.5.0.0/jre --enable-libgcj-multifile --enable-java-maintainer-mode --with-ecj-jar=/usr/share/java/eclipse-ecj.jar --disable-libjava-multilib --with-ppl --with-cloog --with-tune=generic --with-arch_32=i686 --build=x86_64-redhat-linux
Thread model: posix
gcc version 4.4.6 20110731 (Red Hat 4.4.6-3) (GCC) 
configure:12116: $? = 0
configure:12105: gcc -V >&5
gcc: '-V' option must have argument
configure:12116: $? = 1
configure:12105: gcc -qversion >&5
gcc: unrecognized option '-qversion'
gcc: no input files
configure:12116: $? = 1
configure:12120: checking whether we are using the GNU C compiler
configure:12148: result: yes
configure:12157: checking whether gcc accepts -g
configure:12218: result: yes
configure:12235: checking for gcc option to accept ISO C89
configure:12311: result: none needed
configure:12336: checking whether gcc understands -c and -o together
configure:12373: result: yes
configure:12392: checking dependency style of gcc
configure:12503: result: gcc3
configure:12520: checking whether ln -s works
configure:12524: result: yes
configure:12533: checking for mktemp
configure:12551: found /bin/mktemp
configure:12563: result: /bin/mktemp
configure:12578: checking for cstocs
configure:12611: result: no
configure:12618: checking for recode
configure:12651: result: no
configure:12658: checking for umap
configure:12691: result: no
configure:12698: checking for piconv
configure:12716: found /usr/bin/piconv
configure:12728: result: /usr/bin/piconv
configure:12738: checking for map
configure:12771: result: no
configure:12806: checking for gcov
configure:12824: found /usr/bin/gcov
configure:12836: result: /usr/bin/gcov
configure:12916: checking for gtkdoc-mkdb
configure:12944: result: false
configure:12997: checking for /dev/random
configure:13010: result: yes
configure:13019: checking for /dev/urandom
configure:13032: result: yes
configure:13041: checking for /dev/srandom
configure:13054: result: no
configure:13063: checking for /dev/arandom
configure:13076: result: no
configure:13181: checking for sqrt in -lm
configure:13206: gcc -o conftest -Wall -Wextra -W -pedantic -g -O2   conftest.c -lm   >&5
conftest.c:38: warning: conflicting types for built-in function 'sqrt'
configure:13206: $? = 0
configure:13215: result: yes
configure:13226: checking for ANSI C header files
configure:13330: result: yes
configure:13338: checking for sys/wait.h that is POSIX.1 compatible
configure:13364: gcc -c -Wall -Wextra -W -pedantic -g -O2  conftest.c >&5
configure:13364: $? = 0
configure:13371: result: yes
configure:13379: checking whether time.h and sys/time.h may both be included
configure:13399: gcc -c -Wall -Wextra -W -pedantic -g -O2  conftest.c >&5
configure:13399: $? = 0
configure:13406: result: yes
configure:13414: checking whether stat file-mode macros are broken
configure:13441: gcc -c -Wall -Wextra -W -pedantic -g -O2  conftest.c >&5
configure:13441: $? = 0
configure:13448: result: no
configure:13456: checking for stdbool.h that conforms to C99
configure:13523: gcc -c -Wall -Wextra -W -pedantic -g -O2  conftest.c >&5
conftest.c: In function 'main':
conftest.c:83: warning: the address of 's' will always evaluate as 'true'
conftest.c:87: warning: the address of 'a' will always evaluate as 'true'
conftest.c:87: warning: the address of 'b' will always evaluate as 'true'
conftest.c:87: warning: the address of 'c' will always evaluate as 'true'
conftest.c:87: warning: the address of 'd' will always evaluate as 'true'
conftest.c:87: warning: the address of 'f' will always evaluate as 'true'
conftest.c:87: warning: the address of 'g' will always evaluate as 'true'
conftest.c:87: warning: the address of 'h' will always evaluate as 'true'
conftest.c:87: warning: the address of 'i' will always evaluate as 'true'
conftest.c:88: warning: the address of 'n' will always evaluate as 'true'
conftest.c:88: warning: the address of 'o' will always evaluate as 'true'
conftest.c:88: warning: the address of 'p' will always evaluate as 'true'
configure:13523: $? = 0
configure:13530: result: yes
configure:13532: checking for _Bool
configure:13532: gcc -c -Wall -Wextra -W -pedantic -g -O2  conftest.c >&5
configure:13532: $? = 0
configure:13532: gcc -c -Wall -Wextra -W -pedantic -g -O2  conftest.c >&5
conftest.c: In function 'main':
conftest.c:70: error: expected expression before ')' token
configure:13532: $? = 1
configure: failed program was:
| /* confdefs.h */
| #define PACKAGE_NAME "Enca"
| #define PACKAGE_TARNAME "enca"
| #define PACKAGE_VERSION "1.16"
| #define PACKAGE_STRING "Enca 1.16"
| #define PACKAGE_BUGREPORT "https://github.com/nijel/enca/issues"
| #define PACKAGE_URL ""
| #define PACKAGE "enca"
| #define VERSION "1.16"
| #define STDC_HEADERS 1
| #define HAVE_SYS_TYPES_H 1
| #define HAVE_SYS_STAT_H 1
| #define HAVE_STDLIB_H 1
| #define HAVE_STRING_H 1
| #define HAVE_MEMORY_H 1
| #define HAVE_STRINGS_H 1
| #define HAVE_INTTYPES_H 1
| #define HAVE_STDINT_H 1
| #define HAVE_UNISTD_H 1
| #define __EXTENSIONS__ 1
| #define _ALL_SOURCE 1
| #define _GNU_SOURCE 1
| #define _POSIX_PTHREAD_SEMANTICS 1
| #define _TANDEM_SOURCE 1
| #define HAVE_DLFCN_H 1
| #define LT_OBJDIR ".libs/"
| #define PICONV_PROG "/usr/bin/piconv"
| #define HAVE__DEV_RANDOM 1
| #define HAVE__DEV_URANDOM 1
| #define STDC_HEADERS 1
| #define HAVE_SYS_WAIT_H 1
| #define TIME_WITH_SYS_TIME 1
| /* end confdefs.h.  */
| #include <stdio.h>
| #ifdef HAVE_SYS_TYPES_H
| # include <sys/types.h>
| #endif
| #ifdef HAVE_SYS_STAT_H
| # include <sys/stat.h>
| #endif
| #ifdef STDC_HEADERS
| # include <stdlib.h>
| # include <stddef.h>
| #else
| # ifdef HAVE_STDLIB_H
| #  include <stdlib.h>
| # endif
| #endif
| #ifdef HAVE_STRING_H
| # if !defined STDC_HEADERS && defined HAVE_MEMORY_H
| #  include <memory.h>
| # endif
| # include <string.h>
| #endif
| #ifdef HAVE_STRINGS_H
| # include <strings.h>
| #endif
| #ifdef HAVE_INTTYPES_H
| # include <inttypes.h>
| #endif
| #ifdef HAVE_STDINT_H
| # include <stdint.h>
| #endif
| #ifdef HAVE_UNISTD_H
| # include <unistd.h>
| #endif
| int
| main ()
| {
| if (sizeof ((_Bool)))
| 	    return 0;
|   ;
|   return 0;
| }
configure:13532: result: yes
configure:13568: checking errno.h usability
configure:13568: gcc -c -Wall -Wextra -W -pedantic -g -O2  conftest.c >&5
configure:13568: $? = 0
configure:13568: result: yes
configure:13568: checking errno.h presence
configure:13568: gcc -E  conftest.c
configure:13568: $? = 0
configure:13568: result: yes
configure:13568: checking for errno.h
configure:13568: result: yes
configure:13568: checking fcntl.h usability
configure:13568: gcc -c -Wall -Wextra -W -pedantic -g -O2  conftest.c >&5
configure:13568: $? = 0
configure:13568: result: yes
configure:13568: checking fcntl.h presence
configure:13568: gcc -E  conftest.c
configure:13568: $? = 0
configure:13568: result: yes
configure:13568: checking for fcntl.h
configure:13568: result: yes
configure:13568: checking getopt.h usability
configure:13568: gcc -c -Wall -Wextra -W -pedantic -g -O2  conftest.c >&5
configure:13568: $? = 0
configure:13568: result: yes
configure:13568: checking getopt.h presence
configure:13568: gcc -E  conftest.c
configure:13568: $? = 0
configure:13568: result: yes
configure:13568: checking for getopt.h
configure:13568: result: yes
configure:13568: checking langinfo.h usability
configure:13568: gcc -c -Wall -Wextra -W -pedantic -g -O2  conftest.c >&5
configure:13568: $? = 0
configure:13568: result: yes
configure:13568: checking langinfo.h presence
configure:13568: gcc -E  conftest.c
configure:13568: $? = 0
configure:13568: result: yes
configure:13568: checking for langinfo.h
configure:13568: result: yes
configure:13568: checking limits.h usability
configure:13568: gcc -c -Wall -Wextra -W -pedantic -g -O2  conftest.c >&5
configure:13568: $? = 0
configure:13568: result: yes
configure:13568: checking limits.h presence
configure:13568: gcc -E  conftest.c
configure:13568: $? = 0
configure:13568: result: yes
configure:13568: checking for limits.h
configure:13568: result: yes
configure:13568: checking locale.h usability
configure:13568: gcc -c -Wall -Wextra -W -pedantic -g -O2  conftest.c >&5
configure:13568: $? = 0
configure:13568: result: yes
configure:13568: checking locale.h presence
configure:13568: gcc -E  conftest.c
configure:13568: $? = 0
configure:13568: result: yes
configure:13568: checking for locale.h
configure:13568: result: yes
configure:13568: checking for memory.h
configure:13568: result: yes
configure:13568: checking for string.h
configure:13568: result: yes
configure:13568: checking for strings.h
configure:13568: result: yes
configure:13568: checking for sys/stat.h
configure:13568: result: yes
configure:13568: checking for sys/types.h
configure:13568: result: yes
configure:13568: checking for sys/wait.h
configure:13568: result: yes
configure:13568: checking sys/time.h usability
configure:13568: gcc -c -Wall -Wextra -W -pedantic -g -O2  conftest.c >&5
configure:13568: $? = 0
configure:13568: result: yes
configure:13568: checking sys/time.h presence
configure:13568: gcc -E  conftest.c
configure:13568: $? = 0
configure:13568: result: yes
configure:13568: checking for sys/time.h
configure:13568: result: yes
configure:13568: checking time.h usability
configure:13568: gcc -c -Wall -Wextra -W -pedantic -g -O2  conftest.c >&5
configure:13568: $? = 0
configure:13568: result: yes
configure:13568: checking time.h presence
configure:13568: gcc -E  conftest.c
configure:13568: $? = 0
configure:13568: result: yes
configure:13568: checking for time.h
configure:13568: result: yes
configure:13568: checking for unistd.h
configure:13568: result: yes
configure:13568: checking wordexp.h usability
configure:13568: gcc -c -Wall -Wextra -W -pedantic -g -O2  conftest.c >&5
configure:13568: $? = 0
configure:13568: result: yes
configure:13568: checking wordexp.h presence
configure:13568: gcc -E  conftest.c
configure:13568: $? = 0
configure:13568: result: yes
configure:13568: checking for wordexp.h
configure:13568: result: yes
configure:13579: checking for an ANSI C-conforming const
configure:13645: gcc -c -Wall -Wextra -W -pedantic -g -O2  conftest.c >&5
configure:13645: $? = 0
configure:13652: result: yes
configure:13660: checking for size_t
configure:13660: gcc -c -Wall -Wextra -W -pedantic -g -O2  conftest.c >&5
configure:13660: $? = 0
configure:13660: gcc -c -Wall -Wextra -W -pedantic -g -O2  conftest.c >&5
conftest.c: In function 'main':
conftest.c:88: error: expected expression before ')' token
configure:13660: $? = 1
configure: failed program was:
| /* confdefs.h */
| #define PACKAGE_NAME "Enca"
| #define PACKAGE_TARNAME "enca"
| #define PACKAGE_VERSION "1.16"
| #define PACKAGE_STRING "Enca 1.16"
| #define PACKAGE_BUGREPORT "https://github.com/nijel/enca/issues"
| #define PACKAGE_URL ""
| #define PACKAGE "enca"
| #define VERSION "1.16"
| #define STDC_HEADERS 1
| #define HAVE_SYS_TYPES_H 1
| #define HAVE_SYS_STAT_H 1
| #define HAVE_STDLIB_H 1
| #define HAVE_STRING_H 1
| #define HAVE_MEMORY_H 1
| #define HAVE_STRINGS_H 1
| #define HAVE_INTTYPES_H 1
| #define HAVE_STDINT_H 1
| #define HAVE_UNISTD_H 1
| #define __EXTENSIONS__ 1
| #define _ALL_SOURCE 1
| #define _GNU_SOURCE 1
| #define _POSIX_PTHREAD_SEMANTICS 1
| #define _TANDEM_SOURCE 1
| #define HAVE_DLFCN_H 1
| #define LT_OBJDIR ".libs/"
| #define PICONV_PROG "/usr/bin/piconv"
| #define HAVE__DEV_RANDOM 1
| #define HAVE__DEV_URANDOM 1
| #define STDC_HEADERS 1
| #define HAVE_SYS_WAIT_H 1
| #define TIME_WITH_SYS_TIME 1
| #define HAVE__BOOL 1
| #define HAVE_STDBOOL_H 1
| #define HAVE_ERRNO_H 1
| #define HAVE_FCNTL_H 1
| #define HAVE_GETOPT_H 1
| #define HAVE_LANGINFO_H 1
| #define HAVE_LIMITS_H 1
| #define HAVE_LOCALE_H 1
| #define HAVE_MEMORY_H 1
| #define HAVE_STRING_H 1
| #define HAVE_STRINGS_H 1
| #define HAVE_SYS_STAT_H 1
| #define HAVE_SYS_TYPES_H 1
| #define HAVE_SYS_WAIT_H 1
| #define HAVE_SYS_TIME_H 1
| #define HAVE_TIME_H 1
| #define HAVE_UNISTD_H 1
| #define HAVE_WORDEXP_H 1
| /* end confdefs.h.  */
| #include <stdio.h>
| #ifdef HAVE_SYS_TYPES_H
| # include <sys/types.h>
| #endif
| #ifdef HAVE_SYS_STAT_H
| # include <sys/stat.h>
| #endif
| #ifdef STDC_HEADERS
| # include <stdlib.h>
| # include <stddef.h>
| #else
| # ifdef HAVE_STDLIB_H
| #  include <stdlib.h>
| # endif
| #endif
| #ifdef HAVE_STRING_H
| # if !defined STDC_HEADERS && defined HAVE_MEMORY_H
| #  include <memory.h>
| # endif
| # include <string.h>
| #endif
| #ifdef HAVE_STRINGS_H
| # include <strings.h>
| #endif
| #ifdef HAVE_INTTYPES_H
| # include <inttypes.h>
| #endif
| #ifdef HAVE_STDINT_H
| # include <stdint.h>
| #endif
| #ifdef HAVE_UNISTD_H
| # include <unistd.h>
| #endif
| int
| main ()
| {
| if (sizeof ((size_t)))
| 	    return 0;
|   ;
|   return 0;
| }
configure:13660: result: yes
configure:13671: checking for mode_t
configure:13671: gcc -c -Wall -Wextra -W -pedantic -g -O2  conftest.c >&5
configure:13671: $? = 0
configure:13671: gcc -c -Wall -Wextra -W -pedantic -g -O2  conftest.c >&5
conftest.c: In function 'main':
conftest.c:88: error: expected expression before ')' token
configure:13671: $? = 1
configure: failed program was:
| /* confdefs.h */
| #define PACKAGE_NAME "Enca"
| #define PACKAGE_TARNAME "enca"
| #define PACKAGE_VERSION "1.16"
| #define PACKAGE_STRING "Enca 1.16"
| #define PACKAGE_BUGREPORT "https://github.com/nijel/enca/issues"
| #define PACKAGE_URL ""
| #define PACKAGE "enca"
| #define VERSION "1.16"
| #define STDC_HEADERS 1
| #define HAVE_SYS_TYPES_H 1
| #define HAVE_SYS_STAT_H 1
| #define HAVE_STDLIB_H 1
| #define HAVE_STRING_H 1
| #define HAVE_MEMORY_H 1
| #define HAVE_STRINGS_H 1
| #define HAVE_INTTYPES_H 1
| #define HAVE_STDINT_H 1
| #define HAVE_UNISTD_H 1
| #define __EXTENSIONS__ 1
| #define _ALL_SOURCE 1
| #define _GNU_SOURCE 1
| #define _POSIX_PTHREAD_SEMANTICS 1
| #define _TANDEM_SOURCE 1
| #define HAVE_DLFCN_H 1
| #define LT_OBJDIR ".libs/"
| #define PICONV_PROG "/usr/bin/piconv"
| #define HAVE__DEV_RANDOM 1
| #define HAVE__DEV_URANDOM 1
| #define STDC_HEADERS 1
| #define HAVE_SYS_WAIT_H 1
| #define TIME_WITH_SYS_TIME 1
| #define HAVE__BOOL 1
| #define HAVE_STDBOOL_H 1
| #define HAVE_ERRNO_H 1
| #define HAVE_FCNTL_H 1
| #define HAVE_GETOPT_H 1
| #define HAVE_LANGINFO_H 1
| #define HAVE_LIMITS_H 1
| #define HAVE_LOCALE_H 1
| #define HAVE_MEMORY_H 1
| #define HAVE_STRING_H 1
| #define HAVE_STRINGS_H 1
| #define HAVE_SYS_STAT_H 1
| #define HAVE_SYS_TYPES_H 1
| #define HAVE_SYS_WAIT_H 1
| #define HAVE_SYS_TIME_H 1
| #define HAVE_TIME_H 1
| #define HAVE_UNISTD_H 1
| #define HAVE_WORDEXP_H 1
| /* end confdefs.h.  */
| #include <stdio.h>
| #ifdef HAVE_SYS_TYPES_H
| # include <sys/types.h>
| #endif
| #ifdef HAVE_SYS_STAT_H
| # include <sys/stat.h>
| #endif
| #ifdef STDC_HEADERS
| # include <stdlib.h>
| # include <stddef.h>
| #else
| # ifdef HAVE_STDLIB_H
| #  include <stdlib.h>
| # endif
| #endif
| #ifdef HAVE_STRING_H
| # if !defined STDC_HEADERS && defined HAVE_MEMORY_H
| #  include <memory.h>
| # endif
| # include <string.h>
| #endif
| #ifdef HAVE_STRINGS_H
| # include <strings.h>
| #endif
| #ifdef HAVE_INTTYPES_H
| # include <inttypes.h>
| #endif
| #ifdef HAVE_STDINT_H
| # include <stdint.h>
| #endif
| #ifdef HAVE_UNISTD_H
| # include <unistd.h>
| #endif
| int
| main ()
| {
| if (sizeof ((mode_t)))
| 	    return 0;
|   ;
|   return 0;
| }
configure:13671: result: yes
configure:13682: checking for off_t
configure:13682: gcc -c -Wall -Wextra -W -pedantic -g -O2  conftest.c >&5
configure:13682: $? = 0
configure:13682: gcc -c -Wall -Wextra -W -pedantic -g -O2  conftest.c >&5
conftest.c: In function 'main':
conftest.c:88: error: expected expression before ')' token
configure:13682: $? = 1
configure: failed program was:
| /* confdefs.h */
| #define PACKAGE_NAME "Enca"
| #define PACKAGE_TARNAME "enca"
| #define PACKAGE_VERSION "1.16"
| #define PACKAGE_STRING "Enca 1.16"
| #define PACKAGE_BUGREPORT "https://github.com/nijel/enca/issues"
| #define PACKAGE_URL ""
| #define PACKAGE "enca"
| #define VERSION "1.16"
| #define STDC_HEADERS 1
| #define HAVE_SYS_TYPES_H 1
| #define HAVE_SYS_STAT_H 1
| #define HAVE_STDLIB_H 1
| #define HAVE_STRING_H 1
| #define HAVE_MEMORY_H 1
| #define HAVE_STRINGS_H 1
| #define HAVE_INTTYPES_H 1
| #define HAVE_STDINT_H 1
| #define HAVE_UNISTD_H 1
| #define __EXTENSIONS__ 1
| #define _ALL_SOURCE 1
| #define _GNU_SOURCE 1
| #define _POSIX_PTHREAD_SEMANTICS 1
| #define _TANDEM_SOURCE 1
| #define HAVE_DLFCN_H 1
| #define LT_OBJDIR ".libs/"
| #define PICONV_PROG "/usr/bin/piconv"
| #define HAVE__DEV_RANDOM 1
| #define HAVE__DEV_URANDOM 1
| #define STDC_HEADERS 1
| #define HAVE_SYS_WAIT_H 1
| #define TIME_WITH_SYS_TIME 1
| #define HAVE__BOOL 1
| #define HAVE_STDBOOL_H 1
| #define HAVE_ERRNO_H 1
| #define HAVE_FCNTL_H 1
| #define HAVE_GETOPT_H 1
| #define HAVE_LANGINFO_H 1
| #define HAVE_LIMITS_H 1
| #define HAVE_LOCALE_H 1
| #define HAVE_MEMORY_H 1
| #define HAVE_STRING_H 1
| #define HAVE_STRINGS_H 1
| #define HAVE_SYS_STAT_H 1
| #define HAVE_SYS_TYPES_H 1
| #define HAVE_SYS_WAIT_H 1
| #define HAVE_SYS_TIME_H 1
| #define HAVE_TIME_H 1
| #define HAVE_UNISTD_H 1
| #define HAVE_WORDEXP_H 1
| /* end confdefs.h.  */
| #include <stdio.h>
| #ifdef HAVE_SYS_TYPES_H
| # include <sys/types.h>
| #endif
| #ifdef HAVE_SYS_STAT_H
| # include <sys/stat.h>
| #endif
| #ifdef STDC_HEADERS
| # include <stdlib.h>
| # include <stddef.h>
| #else
| # ifdef HAVE_STDLIB_H
| #  include <stdlib.h>
| # endif
| #endif
| #ifdef HAVE_STRING_H
| # if !defined STDC_HEADERS && defined HAVE_MEMORY_H
| #  include <memory.h>
| # endif
| # include <string.h>
| #endif
| #ifdef HAVE_STRINGS_H
| # include <strings.h>
| #endif
| #ifdef HAVE_INTTYPES_H
| # include <inttypes.h>
| #endif
| #ifdef HAVE_STDINT_H
| # include <stdint.h>
| #endif
| #ifdef HAVE_UNISTD_H
| # include <unistd.h>
| #endif
| int
| main ()
| {
| if (sizeof ((off_t)))
| 	    return 0;
|   ;
|   return 0;
| }
configure:13682: result: yes
configure:13693: checking for pid_t
configure:13693: gcc -c -Wall -Wextra -W -pedantic -g -O2  conftest.c >&5
configure:13693: $? = 0
configure:13693: gcc -c -Wall -Wextra -W -pedantic -g -O2  conftest.c >&5
conftest.c: In function 'main':
conftest.c:88: error: expected expression before ')' token
configure:13693: $? = 1
configure: failed program was:
| /* confdefs.h */
| #define PACKAGE_NAME "Enca"
| #define PACKAGE_TARNAME "enca"
| #define PACKAGE_VERSION "1.16"
| #define PACKAGE_STRING "Enca 1.16"
| #define PACKAGE_BUGREPORT "https://github.com/nijel/enca/issues"
| #define PACKAGE_URL ""
| #define PACKAGE "enca"
| #define VERSION "1.16"
| #define STDC_HEADERS 1
| #define HAVE_SYS_TYPES_H 1
| #define HAVE_SYS_STAT_H 1
| #define HAVE_STDLIB_H 1
| #define HAVE_STRING_H 1
| #define HAVE_MEMORY_H 1
| #define HAVE_STRINGS_H 1
| #define HAVE_INTTYPES_H 1
| #define HAVE_STDINT_H 1
| #define HAVE_UNISTD_H 1
| #define __EXTENSIONS__ 1
| #define _ALL_SOURCE 1
| #define _GNU_SOURCE 1
| #define _POSIX_PTHREAD_SEMANTICS 1
| #define _TANDEM_SOURCE 1
| #define HAVE_DLFCN_H 1
| #define LT_OBJDIR ".libs/"
| #define PICONV_PROG "/usr/bin/piconv"
| #define HAVE__DEV_RANDOM 1
| #define HAVE__DEV_URANDOM 1
| #define STDC_HEADERS 1
| #define HAVE_SYS_WAIT_H 1
| #define TIME_WITH_SYS_TIME 1
| #define HAVE__BOOL 1
| #define HAVE_STDBOOL_H 1
| #define HAVE_ERRNO_H 1
| #define HAVE_FCNTL_H 1
| #define HAVE_GETOPT_H 1
| #define HAVE_LANGINFO_H 1
| #define HAVE_LIMITS_H 1
| #define HAVE_LOCALE_H 1
| #define HAVE_MEMORY_H 1
| #define HAVE_STRING_H 1
| #define HAVE_STRINGS_H 1
| #define HAVE_SYS_STAT_H 1
| #define HAVE_SYS_TYPES_H 1
| #define HAVE_SYS_WAIT_H 1
| #define HAVE_SYS_TIME_H 1
| #define HAVE_TIME_H 1
| #define HAVE_UNISTD_H 1
| #define HAVE_WORDEXP_H 1
| /* end confdefs.h.  */
| #include <stdio.h>
| #ifdef HAVE_SYS_TYPES_H
| # include <sys/types.h>
| #endif
| #ifdef HAVE_SYS_STAT_H
| # include <sys/stat.h>
| #endif
| #ifdef STDC_HEADERS
| # include <stdlib.h>
| # include <stddef.h>
| #else
| # ifdef HAVE_STDLIB_H
| #  include <stdlib.h>
| # endif
| #endif
| #ifdef HAVE_STRING_H
| # if !defined STDC_HEADERS && defined HAVE_MEMORY_H
| #  include <memory.h>
| # endif
| # include <string.h>
| #endif
| #ifdef HAVE_STRINGS_H
| # include <strings.h>
| #endif
| #ifdef HAVE_INTTYPES_H
| # include <inttypes.h>
| #endif
| #ifdef HAVE_STDINT_H
| # include <stdint.h>
| #endif
| #ifdef HAVE_UNISTD_H
| # include <unistd.h>
| #endif
| int
| main ()
| {
| if (sizeof ((pid_t)))
| 	    return 0;
|   ;
|   return 0;
| }
configure:13693: result: yes
configure:13704: checking for uid_t in sys/types.h
configure:13723: result: yes
configure:13734: checking for ssize_t
configure:13734: gcc -c -Wall -Wextra -W -pedantic -g -O2  conftest.c >&5
configure:13734: $? = 0
configure:13734: gcc -c -Wall -Wextra -W -pedantic -g -O2  conftest.c >&5
conftest.c: In function 'main':
conftest.c:88: error: expected expression before ')' token
configure:13734: $? = 1
configure: failed program was:
| /* confdefs.h */
| #define PACKAGE_NAME "Enca"
| #define PACKAGE_TARNAME "enca"
| #define PACKAGE_VERSION "1.16"
| #define PACKAGE_STRING "Enca 1.16"
| #define PACKAGE_BUGREPORT "https://github.com/nijel/enca/issues"
| #define PACKAGE_URL ""
| #define PACKAGE "enca"
| #define VERSION "1.16"
| #define STDC_HEADERS 1
| #define HAVE_SYS_TYPES_H 1
| #define HAVE_SYS_STAT_H 1
| #define HAVE_STDLIB_H 1
| #define HAVE_STRING_H 1
| #define HAVE_MEMORY_H 1
| #define HAVE_STRINGS_H 1
| #define HAVE_INTTYPES_H 1
| #define HAVE_STDINT_H 1
| #define HAVE_UNISTD_H 1
| #define __EXTENSIONS__ 1
| #define _ALL_SOURCE 1
| #define _GNU_SOURCE 1
| #define _POSIX_PTHREAD_SEMANTICS 1
| #define _TANDEM_SOURCE 1
| #define HAVE_DLFCN_H 1
| #define LT_OBJDIR ".libs/"
| #define PICONV_PROG "/usr/bin/piconv"
| #define HAVE__DEV_RANDOM 1
| #define HAVE__DEV_URANDOM 1
| #define STDC_HEADERS 1
| #define HAVE_SYS_WAIT_H 1
| #define TIME_WITH_SYS_TIME 1
| #define HAVE__BOOL 1
| #define HAVE_STDBOOL_H 1
| #define HAVE_ERRNO_H 1
| #define HAVE_FCNTL_H 1
| #define HAVE_GETOPT_H 1
| #define HAVE_LANGINFO_H 1
| #define HAVE_LIMITS_H 1
| #define HAVE_LOCALE_H 1
| #define HAVE_MEMORY_H 1
| #define HAVE_STRING_H 1
| #define HAVE_STRINGS_H 1
| #define HAVE_SYS_STAT_H 1
| #define HAVE_SYS_TYPES_H 1
| #define HAVE_SYS_WAIT_H 1
| #define HAVE_SYS_TIME_H 1
| #define HAVE_TIME_H 1
| #define HAVE_UNISTD_H 1
| #define HAVE_WORDEXP_H 1
| /* end confdefs.h.  */
| #include <stdio.h>
| #ifdef HAVE_SYS_TYPES_H
| # include <sys/types.h>
| #endif
| #ifdef HAVE_SYS_STAT_H
| # include <sys/stat.h>
| #endif
| #ifdef STDC_HEADERS
| # include <stdlib.h>
| # include <stddef.h>
| #else
| # ifdef HAVE_STDLIB_H
| #  include <stdlib.h>
| # endif
| #endif
| #ifdef HAVE_STRING_H
| # if !defined STDC_HEADERS && defined HAVE_MEMORY_H
| #  include <memory.h>
| # endif
| # include <string.h>
| #endif
| #ifdef HAVE_STRINGS_H
| # include <strings.h>
| #endif
| #ifdef HAVE_INTTYPES_H
| # include <inttypes.h>
| #endif
| #ifdef HAVE_STDINT_H
| # include <stdint.h>
| #endif
| #ifdef HAVE_UNISTD_H
| # include <unistd.h>
| #endif
| int
| main ()
| {
| if (sizeof ((ssize_t)))
| 	    return 0;
|   ;
|   return 0;
| }
configure:13734: result: yes
configure:13746: checking whether LC_MESSAGES is declared
configure:13746: gcc -c -Wall -Wextra -W -pedantic -g -O2  conftest.c >&5
configure:13746: $? = 0
configure:13746: result: yes
configure:13760: checking for program_invocation_short_name
configure:13776: gcc -o conftest -Wall -Wextra -W -pedantic -g -O2   conftest.c  -lm >&5
configure:13776: $? = 0
configure:13784: result: yes
configure:13794: checking vfork.h usability
configure:13794: gcc -c -Wall -Wextra -W -pedantic -g -O2  conftest.c >&5
conftest.c:87:19: error: vfork.h: No such file or directory
configure:13794: $? = 1
configure: failed program was:
| /* confdefs.h */
| #define PACKAGE_NAME "Enca"
| #define PACKAGE_TARNAME "enca"
| #define PACKAGE_VERSION "1.16"
| #define PACKAGE_STRING "Enca 1.16"
| #define PACKAGE_BUGREPORT "https://github.com/nijel/enca/issues"
| #define PACKAGE_URL ""
| #define PACKAGE "enca"
| #define VERSION "1.16"
| #define STDC_HEADERS 1
| #define HAVE_SYS_TYPES_H 1
| #define HAVE_SYS_STAT_H 1
| #define HAVE_STDLIB_H 1
| #define HAVE_STRING_H 1
| #define HAVE_MEMORY_H 1
| #define HAVE_STRINGS_H 1
| #define HAVE_INTTYPES_H 1
| #define HAVE_STDINT_H 1
| #define HAVE_UNISTD_H 1
| #define __EXTENSIONS__ 1
| #define _ALL_SOURCE 1
| #define _GNU_SOURCE 1
| #define _POSIX_PTHREAD_SEMANTICS 1
| #define _TANDEM_SOURCE 1
| #define HAVE_DLFCN_H 1
| #define LT_OBJDIR ".libs/"
| #define PICONV_PROG "/usr/bin/piconv"
| #define HAVE__DEV_RANDOM 1
| #define HAVE__DEV_URANDOM 1
| #define STDC_HEADERS 1
| #define HAVE_SYS_WAIT_H 1
| #define TIME_WITH_SYS_TIME 1
| #define HAVE__BOOL 1
| #define HAVE_STDBOOL_H 1
| #define HAVE_ERRNO_H 1
| #define HAVE_FCNTL_H 1
| #define HAVE_GETOPT_H 1
| #define HAVE_LANGINFO_H 1
| #define HAVE_LIMITS_H 1
| #define HAVE_LOCALE_H 1
| #define HAVE_MEMORY_H 1
| #define HAVE_STRING_H 1
| #define HAVE_STRINGS_H 1
| #define HAVE_SYS_STAT_H 1
| #define HAVE_SYS_TYPES_H 1
| #define HAVE_SYS_WAIT_H 1
| #define HAVE_SYS_TIME_H 1
| #define HAVE_TIME_H 1
| #define HAVE_UNISTD_H 1
| #define HAVE_WORDEXP_H 1
| #define HAVE_DECL_LC_MESSAGES 1
| #define HAVE_PROGRAM_INVOCATION_SHORT_NAME 1
| /* end confdefs.h.  */
| #include <stdio.h>
| #ifdef HAVE_SYS_TYPES_H
| # include <sys/types.h>
| #endif
| #ifdef HAVE_SYS_STAT_H
| # include <sys/stat.h>
| #endif
| #ifdef STDC_HEADERS
| # include <stdlib.h>
| # include <stddef.h>
| #else
| # ifdef HAVE_STDLIB_H
| #  include <stdlib.h>
| # endif
| #endif
| #ifdef HAVE_STRING_H
| # if !defined STDC_HEADERS && defined HAVE_MEMORY_H
| #  include <memory.h>
| # endif
| # include <string.h>
| #endif
| #ifdef HAVE_STRINGS_H
| # include <strings.h>
| #endif
| #ifdef HAVE_INTTYPES_H
| # include <inttypes.h>
| #endif
| #ifdef HAVE_STDINT_H
| # include <stdint.h>
| #endif
| #ifdef HAVE_UNISTD_H
| # include <unistd.h>
| #endif
| #include <vfork.h>
configure:13794: result: no
configure:13794: checking vfork.h presence
configure:13794: gcc -E  conftest.c
conftest.c:54:19: error: vfork.h: No such file or directory
configure:13794: $? = 1
configure: failed program was:
| /* confdefs.h */
| #define PACKAGE_NAME "Enca"
| #define PACKAGE_TARNAME "enca"
| #define PACKAGE_VERSION "1.16"
| #define PACKAGE_STRING "Enca 1.16"
| #define PACKAGE_BUGREPORT "https://github.com/nijel/enca/issues"
| #define PACKAGE_URL ""
| #define PACKAGE "enca"
| #define VERSION "1.16"
| #define STDC_HEADERS 1
| #define HAVE_SYS_TYPES_H 1
| #define HAVE_SYS_STAT_H 1
| #define HAVE_STDLIB_H 1
| #define HAVE_STRING_H 1
| #define HAVE_MEMORY_H 1
| #define HAVE_STRINGS_H 1
| #define HAVE_INTTYPES_H 1
| #define HAVE_STDINT_H 1
| #define HAVE_UNISTD_H 1
| #define __EXTENSIONS__ 1
| #define _ALL_SOURCE 1
| #define _GNU_SOURCE 1
| #define _POSIX_PTHREAD_SEMANTICS 1
| #define _TANDEM_SOURCE 1
| #define HAVE_DLFCN_H 1
| #define LT_OBJDIR ".libs/"
| #define PICONV_PROG "/usr/bin/piconv"
| #define HAVE__DEV_RANDOM 1
| #define HAVE__DEV_URANDOM 1
| #define STDC_HEADERS 1
| #define HAVE_SYS_WAIT_H 1
| #define TIME_WITH_SYS_TIME 1
| #define HAVE__BOOL 1
| #define HAVE_STDBOOL_H 1
| #define HAVE_ERRNO_H 1
| #define HAVE_FCNTL_H 1
| #define HAVE_GETOPT_H 1
| #define HAVE_LANGINFO_H 1
| #define HAVE_LIMITS_H 1
| #define HAVE_LOCALE_H 1
| #define HAVE_MEMORY_H 1
| #define HAVE_STRING_H 1
| #define HAVE_STRINGS_H 1
| #define HAVE_SYS_STAT_H 1
| #define HAVE_SYS_TYPES_H 1
| #define HAVE_SYS_WAIT_H 1
| #define HAVE_SYS_TIME_H 1
| #define HAVE_TIME_H 1
| #define HAVE_UNISTD_H 1
| #define HAVE_WORDEXP_H 1
| #define HAVE_DECL_LC_MESSAGES 1
| #define HAVE_PROGRAM_INVOCATION_SHORT_NAME 1
| /* end confdefs.h.  */
| #include <vfork.h>
configure:13794: result: no
configure:13794: checking for vfork.h
configure:13794: result: no
configure:13807: checking for fork
configure:13807: gcc -o conftest -Wall -Wextra -W -pedantic -g -O2   conftest.c  -lm >&5
conftest.c:77: warning: conflicting types for built-in function 'fork'
configure:13807: $? = 0
configure:13807: result: yes
configure:13807: checking for vfork
configure:13807: gcc -o conftest -Wall -Wextra -W -pedantic -g -O2   conftest.c  -lm >&5
configure:13807: $? = 0
configure:13807: result: yes
configure:13817: checking for working fork
configure:13839: gcc -o conftest -Wall -Wextra -W -pedantic -g -O2   conftest.c  -lm >&5
configure:13839: $? = 0
configure:13839: ./conftest
configure:13839: $? = 0
configure:13849: result: yes
configure:13870: checking for working vfork
configure:13980: result: yes
configure:14020: checking for canonicalize_file_name
configure:14020: gcc -o conftest -Wall -Wextra -W -pedantic -g -O2   conftest.c  -lm >&5
configure:14020: $? = 0
configure:14020: result: yes
configure:14020: checking for ftruncate
configure:14020: gcc -o conftest -Wall -Wextra -W -pedantic -g -O2   conftest.c  -lm >&5
configure:14020: $? = 0
configure:14020: result: yes
configure:14020: checking for gettimeofday
configure:14020: gcc -o conftest -Wall -Wextra -W -pedantic -g -O2   conftest.c  -lm >&5
configure:14020: $? = 0
configure:14020: result: yes
configure:14020: checking for isatty
configure:14020: gcc -o conftest -Wall -Wextra -W -pedantic -g -O2   conftest.c  -lm >&5
configure:14020: $? = 0
configure:14020: result: yes
configure:14020: checking for nl_langinfo
configure:14020: gcc -o conftest -Wall -Wextra -W -pedantic -g -O2   conftest.c  -lm >&5
configure:14020: $? = 0
configure:14020: result: yes
configure:14020: checking for random
configure:14020: gcc -o conftest -Wall -Wextra -W -pedantic -g -O2   conftest.c  -lm >&5
configure:14020: $? = 0
configure:14020: result: yes
configure:14020: checking for realpath
configure:14020: gcc -o conftest -Wall -Wextra -W -pedantic -g -O2   conftest.c  -lm >&5
configure:14020: $? = 0
configure:14020: result: yes
configure:14020: checking for strstr
configure:14020: gcc -o conftest -Wall -Wextra -W -pedantic -g -O2   conftest.c  -lm >&5
conftest.c:88: warning: conflicting types for built-in function 'strstr'
configure:14020: $? = 0
configure:14020: result: yes
configure:14020: checking for stpcpy
configure:14020: gcc -o conftest -Wall -Wextra -W -pedantic -g -O2   conftest.c  -lm >&5
conftest.c:89: warning: conflicting types for built-in function 'stpcpy'
configure:14020: $? = 0
configure:14020: result: yes
configure:14020: checking for setlocale
configure:14020: gcc -o conftest -Wall -Wextra -W -pedantic -g -O2   conftest.c  -lm >&5
configure:14020: $? = 0
configure:14020: result: yes
configure:14020: checking for ttyname
configure:14020: gcc -o conftest -Wall -Wextra -W -pedantic -g -O2   conftest.c  -lm >&5
configure:14020: $? = 0
configure:14020: result: yes
configure:14020: checking for wordexp
configure:14020: gcc -o conftest -Wall -Wextra -W -pedantic -g -O2   conftest.c  -lm >&5
configure:14020: $? = 0
configure:14020: result: yes
configure:14029: checking for getopt_long
configure:14029: gcc -o conftest -Wall -Wextra -W -pedantic -g -O2   conftest.c  -lm >&5
configure:14029: $? = 0
configure:14029: result: yes
configure:14085: checking for ld used by gcc
configure:14152: result: /usr/bin/ld -m elf_x86_64
configure:14159: checking if the linker (/usr/bin/ld -m elf_x86_64) is GNU ld
configure:14174: result: yes
configure:14181: checking for shared library run path origin
configure:14194: result: done
configure:14772: checking for iconv
configure:14796: gcc -o conftest -Wall -Wextra -W -pedantic -g -O2   conftest.c  -lm >&5
configure:14796: $? = 0
configure:14830: result: yes
configure:14833: checking for working iconv
configure:14953: gcc -o conftest -Wall -Wextra -W -pedantic -g -O2   conftest.c  -lm >&5
configure:14953: $? = 0
configure:14953: ./conftest
configure:14953: $? = 0
configure:14965: result: yes
configure:14993: checking for iconv declaration
configure:15022: gcc -c -Wall -Wextra -W -pedantic -g -O2  conftest.c >&5
configure:15022: $? = 0
configure:15033: result:
         extern size_t iconv (iconv_t cd, char * *inbuf, size_t *inbytesleft, char * *outbuf, size_t *outbytesleft);
configure:15050: checking whether iconv implementation is usable
iconvcap: checking for ISO8859-1 -> Unicode... found ISO-8859-1 -> UCS2
iconvcap: checking for ASCII -> Unicode... found ASCII -> UCS2
iconvcap: checking for BALTIC -> Unicode... found BALTIC -> UCS2
iconvcap: checking for CP1125 -> Unicode... found CP1125 -> UCS2
iconvcap: checking for CP1250 -> Unicode... found CP1250 -> UCS2
iconvcap: checking for CP1251 -> Unicode... found CP1251 -> UCS2
iconvcap: checking for CP1257 -> Unicode... found CP1257 -> UCS2
iconvcap: checking for ECMA113 -> Unicode... found ECMA-cyrillic -> UCS2
iconvcap: checking for IBM852 -> Unicode... found IBM852 -> UCS2
iconvcap: checking for IBM855 -> Unicode... found IBM855 -> UCS2
iconvcap: checking for IBM775 -> Unicode... found IBM775 -> UCS2
iconvcap: checking for IBM866 -> Unicode... found IBM866 -> UCS2
iconvcap: checking for ISO88592 -> Unicode... found ISO-8859-2 -> UCS2
iconvcap: checking for ISO88594 -> Unicode... found ISO-8859-4 -> UCS2
iconvcap: checking for ISO88595 -> Unicode... found ISO-8859-5 -> UCS2
iconvcap: checking for ISO885913 -> Unicode... found ISO-8859-13 -> UCS2
iconvcap: checking for ISO885916 -> Unicode... found ISO-8859-16 -> UCS2
iconvcap: checking for KEYBCS2 -> Unicode... failed.
iconvcap: checking for KOI8CS2 -> Unicode... failed.
iconvcap: checking for KOI8R -> Unicode... found KOI8-R -> UCS2
iconvcap: checking for KOI8U -> Unicode... found KOI8-U -> UCS2
iconvcap: checking for KOI8UNI -> Unicode... failed.
iconvcap: checking for MACCE -> Unicode... failed.
iconvcap: checking for MACCYR -> Unicode... found MACCYRILLIC -> UCS2
iconvcap: checking for LATEX -> Unicode... failed.
iconvcap: checking for UCS2 -> Unicode... found UCS-2 -> UCS2
iconvcap: checking for UCS4 -> Unicode... found UCS-4 -> UCS2
iconvcap: checking for UTF7 -> Unicode... found UTF-7 -> UCS2
iconvcap: checking for UTF8 -> Unicode... found UTF-8 -> UCS2
iconvcap: checking for CORK -> Unicode... failed.
iconvcap: checking for GBK -> Unicode... found GBK -> UCS2
iconvcap: checking for BIG5 -> Unicode... found BIG5 -> UCS2
iconvcap: checking for HZ -> Unicode... failed.
configure:15061: result: yes
configure:15067: checking whether iconv is transitive
iconvcap: transitivity OK
configure:15078: result: yes
configure:15123: checking for recode_new_outer in librecode
configure:15139: gcc -o conftest -Wall -Wextra -W -pedantic -g -O2     conftest.c  -lm -lrecode >&5
conftest.c: In function 'main':
conftest.c:79: warning: implicit declaration of function 'recode_new_outer'
/usr/bin/ld: cannot find -lrecode
collect2: ld returned 1 exit status
configure:15139: $? = 1
configure: failed program was:
| /* confdefs.h */
| #define PACKAGE_NAME "Enca"
| #define PACKAGE_TARNAME "enca"
| #define PACKAGE_VERSION "1.16"
| #define PACKAGE_STRING "Enca 1.16"
| #define PACKAGE_BUGREPORT "https://github.com/nijel/enca/issues"
| #define PACKAGE_URL ""
| #define PACKAGE "enca"
| #define VERSION "1.16"
| #define STDC_HEADERS 1
| #define HAVE_SYS_TYPES_H 1
| #define HAVE_SYS_STAT_H 1
| #define HAVE_STDLIB_H 1
| #define HAVE_STRING_H 1
| #define HAVE_MEMORY_H 1
| #define HAVE_STRINGS_H 1
| #define HAVE_INTTYPES_H 1
| #define HAVE_STDINT_H 1
| #define HAVE_UNISTD_H 1
| #define __EXTENSIONS__ 1
| #define _ALL_SOURCE 1
| #define _GNU_SOURCE 1
| #define _POSIX_PTHREAD_SEMANTICS 1
| #define _TANDEM_SOURCE 1
| #define HAVE_DLFCN_H 1
| #define LT_OBJDIR ".libs/"
| #define PICONV_PROG "/usr/bin/piconv"
| #define HAVE__DEV_RANDOM 1
| #define HAVE__DEV_URANDOM 1
| #define STDC_HEADERS 1
| #define HAVE_SYS_WAIT_H 1
| #define TIME_WITH_SYS_TIME 1
| #define HAVE__BOOL 1
| #define HAVE_STDBOOL_H 1
| #define HAVE_ERRNO_H 1
| #define HAVE_FCNTL_H 1
| #define HAVE_GETOPT_H 1
| #define HAVE_LANGINFO_H 1
| #define HAVE_LIMITS_H 1
| #define HAVE_LOCALE_H 1
| #define HAVE_MEMORY_H 1
| #define HAVE_STRING_H 1
| #define HAVE_STRINGS_H 1
| #define HAVE_SYS_STAT_H 1
| #define HAVE_SYS_TYPES_H 1
| #define HAVE_SYS_WAIT_H 1
| #define HAVE_SYS_TIME_H 1
| #define HAVE_TIME_H 1
| #define HAVE_UNISTD_H 1
| #define HAVE_WORDEXP_H 1
| #define HAVE_DECL_LC_MESSAGES 1
| #define HAVE_PROGRAM_INVOCATION_SHORT_NAME 1
| #define HAVE_FORK 1
| #define HAVE_VFORK 1
| #define HAVE_WORKING_VFORK 1
| #define HAVE_WORKING_FORK 1
| #define HAVE_CANONICALIZE_FILE_NAME 1
| #define HAVE_FTRUNCATE 1
| #define HAVE_GETTIMEOFDAY 1
| #define HAVE_ISATTY 1
| #define HAVE_NL_LANGINFO 1
| #define HAVE_RANDOM 1
| #define HAVE_REALPATH 1
| #define HAVE_STRSTR 1
| #define HAVE_STPCPY 1
| #define HAVE_SETLOCALE 1
| #define HAVE_TTYNAME 1
| #define HAVE_WORDEXP 1
| #define HAVE_GETOPT_LONG 1
| #define HAVE_ICONV 1
| #define ICONV_CONST 
| #define HAVE_GOOD_ICONV 1
| #define ICONV_IS_TRANSITIVE 1
| /* end confdefs.h.  */
| char* program_name = "";
| int
| main ()
| {
| recode_new_outer(0);
|   ;
|   return 0;
| }
configure:15147: result: no
configure:15229: checking for locale.alias
configure:15245: result: /usr/share/locale/locale.alias
configure:15381: checking that generated files are newer than configure
configure:15387: result: done
configure:15422: creating ./config.status

## ---------------------- ##
## Running config.status. ##
## ---------------------- ##

This file was extended by Enca config.status 1.16, which was
generated by GNU Autoconf 2.69.  Invocation command line was

  CONFIG_FILES    = 
  CONFIG_HEADERS  = 
  CONFIG_LINKS    = 
  CONFIG_COMMANDS = 
  $ ./config.status 

on localhost.localdomain

config.status:1176: creating Makefile
config.status:1176: creating enca.spec
config.status:1176: creating enca.pc
config.status:1176: creating devel-docs/Makefile
config.status:1176: creating data/Makefile
config.status:1176: creating lib/Makefile
config.status:1176: creating script/Makefile
config.status:1176: creating script/b-cstocs
config.status:1176: creating script/b-map
config.status:1176: creating script/b-piconv
config.status:1176: creating script/b-umap
config.status:1176: creating src/Makefile
config.status:1176: creating src/HELP
config.status:1176: creating test/Makefile
config.status:1176: creating tools/Makefile
config.status:1176: creating config.h
config.status:1405: executing depfiles commands
config.status:1405: executing libtool commands

## ---------------- ##
## Cache variables. ##
## ---------------- ##

ac_cv_build=x86_64-unknown-linux-gnu
ac_cv_c_compiler_gnu=yes
ac_cv_c_const=yes
ac_cv_env_CC_set=
ac_cv_env_CC_value=
ac_cv_env_CFLAGS_set=
ac_cv_env_CFLAGS_value=
ac_cv_env_CPPFLAGS_set=
ac_cv_env_CPPFLAGS_value=
ac_cv_env_CPP_set=
ac_cv_env_CPP_value=
ac_cv_env_LDFLAGS_set=
ac_cv_env_LDFLAGS_value=
ac_cv_env_LIBS_set=
ac_cv_env_LIBS_value=
ac_cv_env_build_alias_set=
ac_cv_env_build_alias_value=
ac_cv_env_host_alias_set=
ac_cv_env_host_alias_value=
ac_cv_env_target_alias_set=
ac_cv_env_target_alias_value=
ac_cv_file__dev_arandom=no
ac_cv_file__dev_random=yes
ac_cv_file__dev_srandom=no
ac_cv_file__dev_urandom=yes
ac_cv_func_canonicalize_file_name=yes
ac_cv_func_fork=yes
ac_cv_func_fork_works=yes
ac_cv_func_ftruncate=yes
ac_cv_func_getopt_long=yes
ac_cv_func_gettimeofday=yes
ac_cv_func_isatty=yes
ac_cv_func_nl_langinfo=yes
ac_cv_func_random=yes
ac_cv_func_realpath=yes
ac_cv_func_setlocale=yes
ac_cv_func_stpcpy=yes
ac_cv_func_strstr=yes
ac_cv_func_ttyname=yes
ac_cv_func_vfork=yes
ac_cv_func_vfork_works=yes
ac_cv_func_wordexp=yes
ac_cv_have_decl_LC_MESSAGES=yes
ac_cv_header_dlfcn_h=yes
ac_cv_header_errno_h=yes
ac_cv_header_fcntl_h=yes
ac_cv_header_getopt_h=yes
ac_cv_header_inttypes_h=yes
ac_cv_header_langinfo_h=yes
ac_cv_header_limits_h=yes
ac_cv_header_locale_h=yes
ac_cv_header_memory_h=yes
ac_cv_header_minix_config_h=no
ac_cv_header_stat_broken=no
ac_cv_header_stdbool_h=yes
ac_cv_header_stdc=yes
ac_cv_header_stdint_h=yes
ac_cv_header_stdlib_h=yes
ac_cv_header_string_h=yes
ac_cv_header_strings_h=yes
ac_cv_header_sys_stat_h=yes
ac_cv_header_sys_time_h=yes
ac_cv_header_sys_types_h=yes
ac_cv_header_sys_wait_h=yes
ac_cv_header_time=yes
ac_cv_header_time_h=yes
ac_cv_header_unistd_h=yes
ac_cv_header_vfork_h=no
ac_cv_header_wordexp_h=yes
ac_cv_host=x86_64-unknown-linux-gnu
ac_cv_lib_m_sqrt=yes
ac_cv_objext=o
ac_cv_path_EGREP='/bin/grep -E'
ac_cv_path_FGREP='/bin/grep -F'
ac_cv_path_GCOV=/usr/bin/gcov
ac_cv_path_GREP=/bin/grep
ac_cv_path_MKTEMP_PROG=/bin/mktemp
ac_cv_path_PICONV_PROG=/usr/bin/piconv
ac_cv_path_SED=/bin/sed
ac_cv_path_install='/usr/bin/install -c'
ac_cv_path_mkdir=/bin/mkdir
ac_cv_prog_AWK=gawk
ac_cv_prog_CPP='gcc -E'
ac_cv_prog_GTKDOC=false
ac_cv_prog_ac_ct_AR=ar
ac_cv_prog_ac_ct_CC=gcc
ac_cv_prog_ac_ct_OBJDUMP=objdump
ac_cv_prog_ac_ct_RANLIB=ranlib
ac_cv_prog_ac_ct_STRIP=strip
ac_cv_prog_cc_c89=
ac_cv_prog_cc_g=yes
ac_cv_prog_make_make_set=yes
ac_cv_safe_to_define___extensions__=yes
ac_cv_search_strerror='none required'
ac_cv_type__Bool=yes
ac_cv_type_mode_t=yes
ac_cv_type_off_t=yes
ac_cv_type_pid_t=yes
ac_cv_type_size_t=yes
ac_cv_type_ssize_t=yes
ac_cv_type_uid_t=yes
acl_cv_hardcode_direct=no
acl_cv_hardcode_libdir_flag_spec='${wl}-rpath ${wl}$libdir'
acl_cv_hardcode_libdir_separator=
acl_cv_hardcode_minus_L=no
acl_cv_libext=a
acl_cv_path_LD='/usr/bin/ld -m elf_x86_64'
acl_cv_prog_gnu_ld=yes
acl_cv_rpath=done
acl_cv_shlibext=so
acl_cv_wl=-Wl,
am_cv_CC_dependencies_compiler_type=gcc3
am_cv_func_iconv=yes
am_cv_func_iconv_works=yes
am_cv_lib_iconv=no
am_cv_make_support_nested_variables=yes
am_cv_prog_cc_c_o=yes
am_cv_proto_iconv='extern size_t iconv (iconv_t cd, char * *inbuf, size_t *inbytesleft, char * *outbuf, size_t *outbytesleft);'
am_cv_proto_iconv_arg1=
lt_cv_ar_at_file=@
lt_cv_deplibs_check_method=pass_all
lt_cv_file_magic_cmd='$MAGIC_CMD'
lt_cv_file_magic_test_file=
lt_cv_ld_reload_flag=-r
lt_cv_nm_interface='BSD nm'
lt_cv_objdir=.libs
lt_cv_path_LD=/usr/bin/ld
lt_cv_path_NM='/usr/bin/nm -B'
lt_cv_path_mainfest_tool=no
lt_cv_prog_compiler_c_o=yes
lt_cv_prog_compiler_pic='-fPIC -DPIC'
lt_cv_prog_compiler_pic_works=yes
lt_cv_prog_compiler_rtti_exceptions=no
lt_cv_prog_compiler_static_works=no
lt_cv_prog_gnu_ld=yes
lt_cv_sharedlib_from_linklib_cmd='printf %s\n'
lt_cv_shlibpath_overrides_runpath=no
lt_cv_sys_global_symbol_pipe='sed -n -e '\''s/^.*[	 ]\([ABCDGIRSTW][ABCDGIRSTW]*\)[	 ][	 ]*\([_A-Za-z][_A-Za-z0-9]*\)$/\1 \2 \2/p'\'' | sed '\''/ __gnu_lto/d'\'''
lt_cv_sys_global_symbol_to_c_name_address='sed -n -e '\''s/^: \([^ ]*\)[ ]*$/  {\"\1\", (void *) 0},/p'\'' -e '\''s/^[ABCDGIRSTW]* \([^ ]*\) \([^ ]*\)$/  {"\2", (void *) \&\2},/p'\'''
lt_cv_sys_global_symbol_to_c_name_address_lib_prefix='sed -n -e '\''s/^: \([^ ]*\)[ ]*$/  {\"\1\", (void *) 0},/p'\'' -e '\''s/^[ABCDGIRSTW]* \([^ ]*\) \(lib[^ ]*\)$/  {"\2", (void *) \&\2},/p'\'' -e '\''s/^[ABCDGIRSTW]* \([^ ]*\) \([^ ]*\)$/  {"lib\2", (void *) \&\2},/p'\'''
lt_cv_sys_global_symbol_to_cdecl='sed -n -e '\''s/^T .* \(.*\)$/extern int \1();/p'\'' -e '\''s/^[ABCDGIRSTW]* .* \(.*\)$/extern char \1;/p'\'''
lt_cv_sys_max_cmd_len=1966080
lt_cv_to_host_file_cmd=func_convert_file_noop
lt_cv_to_tool_file_cmd=func_convert_file_noop
yeti_cv_file_locale_alias=/usr/share/locale/locale.alias
yeti_cv_lib_c_iconv_transitive=yes
yeti_cv_lib_c_program_invocation_short_name=yes
yeti_cv_lib_recode_new_outer=no

## ----------------- ##
## Output variables. ##
## ----------------- ##

ACLOCAL='${SHELL} /home/down/dev/enca-1.16/missing aclocal-1.14 -I m4'
AMDEPBACKSLASH='\'
AMDEP_FALSE='#'
AMDEP_TRUE=''
AMTAR='$${TAR-tar}'
AM_BACKSLASH='\'
AM_DEFAULT_V='$(AM_DEFAULT_VERBOSITY)'
AM_DEFAULT_VERBOSITY='1'
AM_V='$(V)'
AR='ar'
AUTOCONF='${SHELL} /home/down/dev/enca-1.16/missing autoconf'
AUTOHEADER='${SHELL} /home/down/dev/enca-1.16/missing autoheader'
AUTOMAKE='${SHELL} /home/down/dev/enca-1.16/missing automake-1.14'
AWK='gawk'
CC='gcc'
CCDEPMODE='depmode=gcc3'
CFLAGS='-Wall -Wextra -W -pedantic -g -O2'
CONVERTER_LIBS=' '
CPP='gcc -E'
CPPFLAGS=''
CSTOCS_PROG=''
CYGPATH_W='echo'
DEFAULT_CONVERTER_LIST='built-in,iconv'
DEFAULT_EXTERNAL_CONVERTER='piconv'
DEFS='-DHAVE_CONFIG_H'
DEPDIR='.deps'
DLLTOOL='false'
DSYMUTIL=''
DUMPBIN=''
ECHO_C=''
ECHO_N='-n'
ECHO_T=''
EGREP='/bin/grep -E'
ENABLE_GTK_DOC_FALSE=''
ENABLE_GTK_DOC_TRUE='#'
EXEEXT=''
FGREP='/bin/grep -F'
GCOV='/usr/bin/gcov'
GCOV_CPPFLAGS=''
GCOV_FLAGS=''
GCOV_LDFLAGS=''
GREP='/bin/grep'
GTKDOC='false'
HTML_DIR='${datarootdir}/gtk-doc/html'
INSTALL_DATA='${INSTALL} -m 644'
INSTALL_PROGRAM='${INSTALL}'
INSTALL_SCRIPT='${INSTALL}'
INSTALL_STRIP_PROGRAM='$(install_sh) -c -s'
LD='/usr/bin/ld -m elf_x86_64'
LDFLAGS=''
LIBICONV=''
LIBM='-lm'
LIBOBJS=''
LIBS=' -lm'
LIBTOOL='$(SHELL) $(top_builddir)/libtool'
LIPO=''
LN_S='ln -s'
LTLIBICONV=''
LTLIBOBJS=''
MAINT='#'
MAINTAINER_MODE_FALSE=''
MAINTAINER_MODE_TRUE='#'
MAKEINFO='${SHELL} /home/down/dev/enca-1.16/missing makeinfo'
MANIFEST_TOOL=':'
MAP_PROG=''
MKDIR_P='/bin/mkdir -p'
MKTEMP_PROG='/bin/mktemp'
NM='/usr/bin/nm -B'
NMEDIT=''
OBJDUMP='objdump'
OBJEXT='o'
OTOOL64=''
OTOOL=''
PACKAGE='enca'
PACKAGE_BUGREPORT='https://github.com/nijel/enca/issues'
PACKAGE_NAME='Enca'
PACKAGE_STRING='Enca 1.16'
PACKAGE_TARNAME='enca'
PACKAGE_URL=''
PACKAGE_VERSION='1.16'
PATH_SEPARATOR=':'
PICONV_PROG='/usr/bin/piconv'
RANLIB='ranlib'
RECODE_PROG=''
RELEASE='1'
SED='/bin/sed'
SET_MAKE=''
SHELL='/bin/sh'
SHELL_RANDOM_FILENAME='`/bin/mktemp /tmp/enca-$$-XXXXXXXX`'
STRIP='strip'
UMAP_PROG=''
VERSION='1.16'
ac_ct_AR='ar'
ac_ct_CC='gcc'
ac_ct_DUMPBIN=''
am__EXEEXT_FALSE=''
am__EXEEXT_TRUE='#'
am__fastdepCC_FALSE='#'
am__fastdepCC_TRUE=''
am__include='include'
am__isrc=''
am__leading_dot='.'
am__nodep='_no'
am__quote=''
am__tar='$${TAR-tar} chof - "$$tardir"'
am__untar='$${TAR-tar} xf -'
bindir='${exec_prefix}/bin'
build='x86_64-unknown-linux-gnu'
build_alias=''
build_cpu='x86_64'
build_os='linux-gnu'
build_vendor='unknown'
datadir='${datarootdir}'
datarootdir='${prefix}/share'
docdir='${datarootdir}/doc/${PACKAGE_TARNAME}'
dvidir='${docdir}'
exec_prefix='${prefix}'
host='x86_64-unknown-linux-gnu'
host_alias=''
host_cpu='x86_64'
host_os='linux-gnu'
host_vendor='unknown'
htmldir='${docdir}'
includedir='${prefix}/include'
infodir='${datarootdir}/info'
install_sh='${SHELL} /home/down/dev/enca-1.16/install-sh'
libdir='${exec_prefix}/lib'
libexecdir='${exec_prefix}/libexec'
localedir='${datarootdir}/locale'
localstatedir='${prefix}/var'
mandir='${datarootdir}/man'
mkdir_p='$(MKDIR_P)'
oldincludedir='/usr/include'
pdfdir='${docdir}'
prefix='/usr/local'
program_transform_name='s,x,x,'
psdir='${docdir}'
sbindir='${exec_prefix}/sbin'
sharedstatedir='${prefix}/com'
sysconfdir='${prefix}/etc'
target_alias=''

## ----------- ##
## confdefs.h. ##
## ----------- ##

/* confdefs.h */
#define PACKAGE_NAME "Enca"
#define PACKAGE_TARNAME "enca"
#define PACKAGE_VERSION "1.16"
#define PACKAGE_STRING "Enca 1.16"
#define PACKAGE_BUGREPORT "https://github.com/nijel/enca/issues"
#define PACKAGE_URL ""
#define PACKAGE "enca"
#define VERSION "1.16"
#define STDC_HEADERS 1
#define HAVE_SYS_TYPES_H 1
#define HAVE_SYS_STAT_H 1
#define HAVE_STDLIB_H 1
#define HAVE_STRING_H 1
#define HAVE_MEMORY_H 1
#define HAVE_STRINGS_H 1
#define HAVE_INTTYPES_H 1
#define HAVE_STDINT_H 1
#define HAVE_UNISTD_H 1
#define __EXTENSIONS__ 1
#define _ALL_SOURCE 1
#define _GNU_SOURCE 1
#define _POSIX_PTHREAD_SEMANTICS 1
#define _TANDEM_SOURCE 1
#define HAVE_DLFCN_H 1
#define LT_OBJDIR ".libs/"
#define PICONV_PROG "/usr/bin/piconv"
#define HAVE__DEV_RANDOM 1
#define HAVE__DEV_URANDOM 1
#define STDC_HEADERS 1
#define HAVE_SYS_WAIT_H 1
#define TIME_WITH_SYS_TIME 1
#define HAVE__BOOL 1
#define HAVE_STDBOOL_H 1
#define HAVE_ERRNO_H 1
#define HAVE_FCNTL_H 1
#define HAVE_GETOPT_H 1
#define HAVE_LANGINFO_H 1
#define HAVE_LIMITS_H 1
#define HAVE_LOCALE_H 1
#define HAVE_MEMORY_H 1
#define HAVE_STRING_H 1
#define HAVE_STRINGS_H 1
#define HAVE_SYS_STAT_H 1
#define HAVE_SYS_TYPES_H 1
#define HAVE_SYS_WAIT_H 1
#define HAVE_SYS_TIME_H 1
#define HAVE_TIME_H 1
#define HAVE_UNISTD_H 1
#define HAVE_WORDEXP_H 1
#define HAVE_DECL_LC_MESSAGES 1
#define HAVE_PROGRAM_INVOCATION_SHORT_NAME 1
#define HAVE_FORK 1
#define HAVE_VFORK 1
#define HAVE_WORKING_VFORK 1
#define HAVE_WORKING_FORK 1
#define HAVE_CANONICALIZE_FILE_NAME 1
#define HAVE_FTRUNCATE 1
#define HAVE_GETTIMEOFDAY 1
#define HAVE_ISATTY 1
#define HAVE_NL_LANGINFO 1
#define HAVE_RANDOM 1
#define HAVE_REALPATH 1
#define HAVE_STRSTR 1
#define HAVE_STPCPY 1
#define HAVE_SETLOCALE 1
#define HAVE_TTYNAME 1
#define HAVE_WORDEXP 1
#define HAVE_GETOPT_LONG 1
#define HAVE_ICONV 1
#define ICONV_CONST 
#define HAVE_GOOD_ICONV 1
#define ICONV_IS_TRANSITIVE 1
#define DEFAULT_CONVERTER_LIST "built-in,iconv"
#define ENABLE_EXTERNAL 1
#define DEFAULT_EXTERNAL_CONVERTER "piconv"
#define HAVE_LOCALE_ALIAS 1
#define LOCALE_ALIAS_PATH "/usr/share/locale/locale.alias"

configure: exit 0
